2022-05-21 12:24:06,481 INFO org.springframework.boot.StartupInfoLogger [main] Starting AdmisssionApplication using Java 17.0.2 on DESKTOP-QH95P3G with PID 14460 (E:\inturnship\16 april\code\springapp\target\classes started by Parth in E:\inturnship\16 april\code)
2022-05-21 12:24:06,489 DEBUG org.springframework.boot.StartupInfoLogger [main] Running with Spring Boot v2.6.4, Spring v5.3.16
2022-05-21 12:24:06,490 INFO org.springframework.boot.SpringApplication [main] No active profile set, falling back to 1 default profile: "default"
2022-05-21 12:24:07,929 INFO org.springframework.data.repository.config.RepositoryConfigurationDelegate [main] Bootstrapping Spring Data JPA repositories in DEFAULT mode.
2022-05-21 12:24:08,024 INFO org.springframework.data.repository.config.RepositoryConfigurationDelegate [main] Finished Spring Data repository scanning in 82 ms. Found 6 JPA repository interfaces.
2022-05-21 12:24:08,978 INFO org.springframework.boot.web.embedded.tomcat.TomcatWebServer [main] Tomcat initialized with port(s): 8080 (http)
2022-05-21 12:24:08,998 INFO org.apache.juli.logging.DirectJDKLog [main] Initializing ProtocolHandler ["http-nio-8080"]
2022-05-21 12:24:09,000 INFO org.apache.juli.logging.DirectJDKLog [main] Starting service [Tomcat]
2022-05-21 12:24:09,001 INFO org.apache.juli.logging.DirectJDKLog [main] Starting Servlet engine: [Apache Tomcat/9.0.58]
2022-05-21 12:24:09,127 INFO org.apache.juli.logging.DirectJDKLog [main] Initializing Spring embedded WebApplicationContext
2022-05-21 12:24:09,128 INFO org.springframework.boot.web.servlet.context.ServletWebServerApplicationContext [main] Root WebApplicationContext: initialization completed in 2548 ms
2022-05-21 12:24:09,374 INFO org.hibernate.jpa.internal.util.LogHelper [main] HHH000204: Processing PersistenceUnitInfo [name: default]
2022-05-21 12:24:09,459 INFO org.hibernate.Version [main] HHH000412: Hibernate ORM core version 5.6.5.Final
2022-05-21 12:24:09,843 INFO org.hibernate.annotations.common.reflection.java.JavaReflectionManager [main] HCANN000001: Hibernate Commons Annotations {5.1.2.Final}
2022-05-21 12:24:10,047 INFO com.zaxxer.hikari.HikariDataSource [main] HikariPool-1 - Starting...
2022-05-21 12:24:10,284 INFO com.zaxxer.hikari.HikariDataSource [main] HikariPool-1 - Start completed.
2022-05-21 12:24:10,314 INFO org.hibernate.dialect.Dialect [main] HHH000400: Using dialect: org.hibernate.dialect.MySQL5Dialect
2022-05-21 12:24:11,610 INFO org.hibernate.engine.transaction.jta.platform.internal.JtaPlatformInitiator [main] HHH000490: Using JtaPlatform implementation: [org.hibernate.engine.transaction.jta.platform.internal.NoJtaPlatform]
2022-05-21 12:24:11,633 INFO org.springframework.orm.jpa.AbstractEntityManagerFactoryBean [main] Initialized JPA EntityManagerFactory for persistence unit 'default'
2022-05-21 12:24:12,400 WARN org.springframework.boot.autoconfigure.orm.jpa.JpaBaseConfiguration$JpaWebConfiguration [main] spring.jpa.open-in-view is enabled by default. Therefore, database queries may be performed during view rendering. Explicitly configure spring.jpa.open-in-view to disable this warning
2022-05-21 12:24:12,606 INFO org.apache.juli.logging.DirectJDKLog [main] Starting ProtocolHandler ["http-nio-8080"]
2022-05-21 12:24:12,613 WARN org.springframework.context.support.AbstractApplicationContext [main] Exception encountered during context initialization - cancelling refresh attempt: org.springframework.context.ApplicationContextException: Failed to start bean 'webServerStartStop'; nested exception is org.springframework.boot.web.server.PortInUseException: Port 8080 is already in use
2022-05-21 12:24:12,618 INFO org.springframework.orm.jpa.AbstractEntityManagerFactoryBean [main] Closing JPA EntityManagerFactory for persistence unit 'default'
2022-05-21 12:24:12,621 INFO com.zaxxer.hikari.HikariDataSource [main] HikariPool-1 - Shutdown initiated...
2022-05-21 12:24:12,634 INFO com.zaxxer.hikari.HikariDataSource [main] HikariPool-1 - Shutdown completed.
2022-05-21 12:24:12,638 INFO org.apache.juli.logging.DirectJDKLog [main] Pausing ProtocolHandler ["http-nio-8080"]
2022-05-21 12:24:12,639 INFO org.apache.juli.logging.DirectJDKLog [main] Stopping service [Tomcat]
2022-05-21 12:24:12,645 INFO org.apache.juli.logging.DirectJDKLog [main] Stopping ProtocolHandler ["http-nio-8080"]
2022-05-21 12:24:12,646 INFO org.apache.juli.logging.DirectJDKLog [main] Destroying ProtocolHandler ["http-nio-8080"]
2022-05-21 12:24:12,656 INFO org.springframework.boot.autoconfigure.logging.ConditionEvaluationReportLoggingListener [main] 

Error starting ApplicationContext. To display the conditions report re-run your application with 'debug' enabled.
2022-05-21 12:24:12,682 ERROR org.springframework.boot.diagnostics.LoggingFailureAnalysisReporter [main] 

***************************
APPLICATION FAILED TO START
***************************

Description:

Web server failed to start. Port 8080 was already in use.

Action:

Identify and stop the process that's listening on port 8080 or configure this application to listen on another port.

2022-05-21 12:25:08,341 INFO org.springframework.boot.StartupInfoLogger [main] Starting AdmisssionApplication using Java 17.0.2 on DESKTOP-QH95P3G with PID 7008 (E:\inturnship\16 april\code\springapp\target\classes started by Parth in E:\inturnship\16 april\code)
2022-05-21 12:25:08,347 DEBUG org.springframework.boot.StartupInfoLogger [main] Running with Spring Boot v2.6.4, Spring v5.3.16
2022-05-21 12:25:08,349 INFO org.springframework.boot.SpringApplication [main] No active profile set, falling back to 1 default profile: "default"
2022-05-21 12:25:09,911 INFO org.springframework.data.repository.config.RepositoryConfigurationDelegate [main] Bootstrapping Spring Data JPA repositories in DEFAULT mode.
2022-05-21 12:25:10,018 INFO org.springframework.data.repository.config.RepositoryConfigurationDelegate [main] Finished Spring Data repository scanning in 85 ms. Found 6 JPA repository interfaces.
2022-05-21 12:25:11,204 INFO org.springframework.boot.web.embedded.tomcat.TomcatWebServer [main] Tomcat initialized with port(s): 8080 (http)
2022-05-21 12:25:11,222 INFO org.apache.juli.logging.DirectJDKLog [main] Initializing ProtocolHandler ["http-nio-8080"]
2022-05-21 12:25:11,224 INFO org.apache.juli.logging.DirectJDKLog [main] Starting service [Tomcat]
2022-05-21 12:25:11,225 INFO org.apache.juli.logging.DirectJDKLog [main] Starting Servlet engine: [Apache Tomcat/9.0.58]
2022-05-21 12:25:11,354 INFO org.apache.juli.logging.DirectJDKLog [main] Initializing Spring embedded WebApplicationContext
2022-05-21 12:25:11,355 INFO org.springframework.boot.web.servlet.context.ServletWebServerApplicationContext [main] Root WebApplicationContext: initialization completed in 2889 ms
2022-05-21 12:25:11,627 INFO org.hibernate.jpa.internal.util.LogHelper [main] HHH000204: Processing PersistenceUnitInfo [name: default]
2022-05-21 12:25:11,697 INFO org.hibernate.Version [main] HHH000412: Hibernate ORM core version 5.6.5.Final
2022-05-21 12:25:11,920 INFO org.hibernate.annotations.common.reflection.java.JavaReflectionManager [main] HCANN000001: Hibernate Commons Annotations {5.1.2.Final}
2022-05-21 12:25:12,047 INFO com.zaxxer.hikari.HikariDataSource [main] HikariPool-1 - Starting...
2022-05-21 12:25:12,271 INFO com.zaxxer.hikari.HikariDataSource [main] HikariPool-1 - Start completed.
2022-05-21 12:25:12,285 INFO org.hibernate.dialect.Dialect [main] HHH000400: Using dialect: org.hibernate.dialect.MySQL5Dialect
2022-05-21 12:25:13,114 INFO org.hibernate.engine.transaction.jta.platform.internal.JtaPlatformInitiator [main] HHH000490: Using JtaPlatform implementation: [org.hibernate.engine.transaction.jta.platform.internal.NoJtaPlatform]
2022-05-21 12:25:13,128 INFO org.springframework.orm.jpa.AbstractEntityManagerFactoryBean [main] Initialized JPA EntityManagerFactory for persistence unit 'default'
2022-05-21 12:25:13,965 WARN org.springframework.boot.autoconfigure.orm.jpa.JpaBaseConfiguration$JpaWebConfiguration [main] spring.jpa.open-in-view is enabled by default. Therefore, database queries may be performed during view rendering. Explicitly configure spring.jpa.open-in-view to disable this warning
2022-05-21 12:25:14,170 INFO org.apache.juli.logging.DirectJDKLog [main] Starting ProtocolHandler ["http-nio-8080"]
2022-05-21 12:25:14,173 WARN org.springframework.context.support.AbstractApplicationContext [main] Exception encountered during context initialization - cancelling refresh attempt: org.springframework.context.ApplicationContextException: Failed to start bean 'webServerStartStop'; nested exception is org.springframework.boot.web.server.PortInUseException: Port 8080 is already in use
2022-05-21 12:25:14,181 INFO org.springframework.orm.jpa.AbstractEntityManagerFactoryBean [main] Closing JPA EntityManagerFactory for persistence unit 'default'
2022-05-21 12:25:14,184 INFO com.zaxxer.hikari.HikariDataSource [main] HikariPool-1 - Shutdown initiated...
2022-05-21 12:25:14,199 INFO com.zaxxer.hikari.HikariDataSource [main] HikariPool-1 - Shutdown completed.
2022-05-21 12:25:14,202 INFO org.apache.juli.logging.DirectJDKLog [main] Pausing ProtocolHandler ["http-nio-8080"]
2022-05-21 12:25:14,203 INFO org.apache.juli.logging.DirectJDKLog [main] Stopping service [Tomcat]
2022-05-21 12:25:14,211 INFO org.apache.juli.logging.DirectJDKLog [main] Stopping ProtocolHandler ["http-nio-8080"]
2022-05-21 12:25:14,213 INFO org.apache.juli.logging.DirectJDKLog [main] Destroying ProtocolHandler ["http-nio-8080"]
2022-05-21 12:25:14,223 INFO org.springframework.boot.autoconfigure.logging.ConditionEvaluationReportLoggingListener [main] 

Error starting ApplicationContext. To display the conditions report re-run your application with 'debug' enabled.
2022-05-21 12:25:14,255 ERROR org.springframework.boot.diagnostics.LoggingFailureAnalysisReporter [main] 

***************************
APPLICATION FAILED TO START
***************************

Description:

Web server failed to start. Port 8080 was already in use.

Action:

Identify and stop the process that's listening on port 8080 or configure this application to listen on another port.

2022-05-21 12:26:08,449 INFO org.springframework.boot.StartupInfoLogger [main] Starting AdmisssionApplication using Java 17.0.2 on DESKTOP-QH95P3G with PID 5876 (E:\inturnship\16 april\code\springapp\target\classes started by Parth in E:\inturnship\16 april\code)
2022-05-21 12:26:08,451 DEBUG org.springframework.boot.StartupInfoLogger [main] Running with Spring Boot v2.6.4, Spring v5.3.16
2022-05-21 12:26:08,452 INFO org.springframework.boot.SpringApplication [main] No active profile set, falling back to 1 default profile: "default"
2022-05-21 12:26:09,439 INFO org.springframework.data.repository.config.RepositoryConfigurationDelegate [main] Bootstrapping Spring Data JPA repositories in DEFAULT mode.
2022-05-21 12:26:09,532 INFO org.springframework.data.repository.config.RepositoryConfigurationDelegate [main] Finished Spring Data repository scanning in 80 ms. Found 6 JPA repository interfaces.
2022-05-21 12:26:10,632 INFO org.springframework.boot.web.embedded.tomcat.TomcatWebServer [main] Tomcat initialized with port(s): 8080 (http)
2022-05-21 12:26:10,650 INFO org.apache.juli.logging.DirectJDKLog [main] Initializing ProtocolHandler ["http-nio-8080"]
2022-05-21 12:26:10,662 INFO org.apache.juli.logging.DirectJDKLog [main] Starting service [Tomcat]
2022-05-21 12:26:10,664 INFO org.apache.juli.logging.DirectJDKLog [main] Starting Servlet engine: [Apache Tomcat/9.0.58]
2022-05-21 12:26:10,782 INFO org.apache.juli.logging.DirectJDKLog [main] Initializing Spring embedded WebApplicationContext
2022-05-21 12:26:10,783 INFO org.springframework.boot.web.servlet.context.ServletWebServerApplicationContext [main] Root WebApplicationContext: initialization completed in 2266 ms
2022-05-21 12:26:11,038 INFO org.hibernate.jpa.internal.util.LogHelper [main] HHH000204: Processing PersistenceUnitInfo [name: default]
2022-05-21 12:26:11,111 INFO org.hibernate.Version [main] HHH000412: Hibernate ORM core version 5.6.5.Final
2022-05-21 12:26:11,335 INFO org.hibernate.annotations.common.reflection.java.JavaReflectionManager [main] HCANN000001: Hibernate Commons Annotations {5.1.2.Final}
2022-05-21 12:26:11,454 INFO com.zaxxer.hikari.HikariDataSource [main] HikariPool-1 - Starting...
2022-05-21 12:26:11,616 INFO com.zaxxer.hikari.HikariDataSource [main] HikariPool-1 - Start completed.
2022-05-21 12:26:11,638 INFO org.hibernate.dialect.Dialect [main] HHH000400: Using dialect: org.hibernate.dialect.MySQL5Dialect
2022-05-21 12:26:12,354 INFO org.hibernate.engine.transaction.jta.platform.internal.JtaPlatformInitiator [main] HHH000490: Using JtaPlatform implementation: [org.hibernate.engine.transaction.jta.platform.internal.NoJtaPlatform]
2022-05-21 12:26:12,363 INFO org.springframework.orm.jpa.AbstractEntityManagerFactoryBean [main] Initialized JPA EntityManagerFactory for persistence unit 'default'
2022-05-21 12:26:13,095 WARN org.springframework.boot.autoconfigure.orm.jpa.JpaBaseConfiguration$JpaWebConfiguration [main] spring.jpa.open-in-view is enabled by default. Therefore, database queries may be performed during view rendering. Explicitly configure spring.jpa.open-in-view to disable this warning
2022-05-21 12:26:13,309 INFO org.apache.juli.logging.DirectJDKLog [main] Starting ProtocolHandler ["http-nio-8080"]
2022-05-21 12:26:13,384 INFO org.springframework.boot.web.embedded.tomcat.TomcatWebServer [main] Tomcat started on port(s): 8080 (http) with context path ''
2022-05-21 12:26:13,386 INFO springfox.documentation.spring.web.plugins.DocumentationPluginsBootstrapper [main] Context refreshed
2022-05-21 12:26:13,465 INFO springfox.documentation.spring.web.plugins.DocumentationPluginsBootstrapper [main] Found 1 custom documentation plugin(s)
2022-05-21 12:26:13,514 INFO springfox.documentation.spring.web.scanners.ApiListingReferenceScanner [main] Scanning for api listing references
2022-05-21 12:26:13,572 WARN springfox.documentation.schema.property.CachingModelPropertiesProvider [main] Exception calculating properties for model(com.diploma.admisssion.model.Admissions) -> ModelContext{groupName=default, type=com.diploma.admisssion.model.Admissions, isReturnType=true}. java.lang.NullPointerException: Cannot invoke "com.fasterxml.jackson.databind.ObjectMapper.getSerializationConfig()" because "this.objectMapper" is null
2022-05-21 12:26:13,585 WARN springfox.documentation.schema.property.CachingModelPropertiesProvider [main] Exception calculating properties for model(com.diploma.admisssion.model.Admissions) -> ModelContext{groupName=default, type=com.diploma.admisssion.model.Admissions, isReturnType=true}. java.lang.NullPointerException: Cannot invoke "com.fasterxml.jackson.databind.ObjectMapper.getSerializationConfig()" because "this.objectMapper" is null
2022-05-21 12:26:13,588 WARN springfox.documentation.schema.property.CachingModelPropertiesProvider [main] Exception calculating properties for model(com.diploma.admisssion.model.Admissions) -> ModelContext{groupName=default, type=com.diploma.admisssion.model.Admissions, isReturnType=false}. java.lang.NullPointerException: Cannot invoke "com.fasterxml.jackson.databind.ObjectMapper.getDeserializationConfig()" because "this.objectMapper" is null
2022-05-21 12:26:13,591 WARN springfox.documentation.schema.property.CachingModelPropertiesProvider [main] Exception calculating properties for model(com.diploma.admisssion.model.Admissions) -> ModelContext{groupName=default, type=com.diploma.admisssion.model.Admissions, isReturnType=false}. java.lang.NullPointerException: Cannot invoke "com.fasterxml.jackson.databind.ObjectMapper.getDeserializationConfig()" because "this.objectMapper" is null
2022-05-21 12:26:13,727 WARN springfox.documentation.schema.property.CachingModelPropertiesProvider [main] Exception calculating properties for model(com.diploma.admisssion.model.Courses) -> ModelContext{groupName=default, type=com.diploma.admisssion.model.Courses, isReturnType=false}. java.lang.NullPointerException: Cannot invoke "com.fasterxml.jackson.databind.ObjectMapper.getDeserializationConfig()" because "this.objectMapper" is null
2022-05-21 12:26:13,729 WARN springfox.documentation.schema.property.CachingModelPropertiesProvider [main] Exception calculating properties for model(com.diploma.admisssion.model.Courses) -> ModelContext{groupName=default, type=com.diploma.admisssion.model.Courses, isReturnType=false}. java.lang.NullPointerException: Cannot invoke "com.fasterxml.jackson.databind.ObjectMapper.getDeserializationConfig()" because "this.objectMapper" is null
2022-05-21 12:26:13,762 INFO springfox.documentation.spring.web.readers.operation.CachingOperationNameGenerator [main] Generating unique operation named: deleteCourseUsingDELETE_1
2022-05-21 12:26:13,766 WARN springfox.documentation.schema.property.CachingModelPropertiesProvider [main] Exception calculating properties for model(org.springframework.core.io.Resource) -> ModelContext{groupName=default, type=org.springframework.core.io.Resource, isReturnType=true}. java.lang.NullPointerException: Cannot invoke "com.fasterxml.jackson.databind.ObjectMapper.getSerializationConfig()" because "this.objectMapper" is null
2022-05-21 12:26:13,768 WARN springfox.documentation.schema.property.CachingModelPropertiesProvider [main] Exception calculating properties for model(org.springframework.core.io.Resource) -> ModelContext{groupName=default, type=org.springframework.core.io.Resource, isReturnType=true}. java.lang.NullPointerException: Cannot invoke "com.fasterxml.jackson.databind.ObjectMapper.getSerializationConfig()" because "this.objectMapper" is null
2022-05-21 12:26:13,776 WARN springfox.documentation.schema.property.CachingModelPropertiesProvider [main] Exception calculating properties for model(com.diploma.admisssion.model.Courses) -> ModelContext{groupName=default, type=com.diploma.admisssion.model.Courses, isReturnType=true}. java.lang.NullPointerException: Cannot invoke "com.fasterxml.jackson.databind.ObjectMapper.getSerializationConfig()" because "this.objectMapper" is null
2022-05-21 12:26:13,779 WARN springfox.documentation.schema.property.CachingModelPropertiesProvider [main] Exception calculating properties for model(com.diploma.admisssion.model.Courses) -> ModelContext{groupName=default, type=com.diploma.admisssion.model.Courses, isReturnType=true}. java.lang.NullPointerException: Cannot invoke "com.fasterxml.jackson.databind.ObjectMapper.getSerializationConfig()" because "this.objectMapper" is null
2022-05-21 12:26:13,795 WARN springfox.documentation.schema.property.CachingModelPropertiesProvider [main] Exception calculating properties for model(com.diploma.admisssion.model.CourseRegistration) -> ModelContext{groupName=default, type=com.diploma.admisssion.model.CourseRegistration, isReturnType=false}. java.lang.NullPointerException: Cannot invoke "com.fasterxml.jackson.databind.ObjectMapper.getDeserializationConfig()" because "this.objectMapper" is null
2022-05-21 12:26:13,798 WARN springfox.documentation.schema.property.CachingModelPropertiesProvider [main] Exception calculating properties for model(com.diploma.admisssion.model.CourseRegistration) -> ModelContext{groupName=default, type=com.diploma.admisssion.model.CourseRegistration, isReturnType=false}. java.lang.NullPointerException: Cannot invoke "com.fasterxml.jackson.databind.ObjectMapper.getDeserializationConfig()" because "this.objectMapper" is null
2022-05-21 12:26:13,801 WARN springfox.documentation.schema.property.CachingModelPropertiesProvider [main] Exception calculating properties for model(com.diploma.admisssion.model.CourseRegistration) -> ModelContext{groupName=default, type=com.diploma.admisssion.model.CourseRegistration, isReturnType=true}. java.lang.NullPointerException: Cannot invoke "com.fasterxml.jackson.databind.ObjectMapper.getSerializationConfig()" because "this.objectMapper" is null
2022-05-21 12:26:13,804 WARN springfox.documentation.schema.property.CachingModelPropertiesProvider [main] Exception calculating properties for model(com.diploma.admisssion.model.CourseRegistration) -> ModelContext{groupName=default, type=com.diploma.admisssion.model.CourseRegistration, isReturnType=true}. java.lang.NullPointerException: Cannot invoke "com.fasterxml.jackson.databind.ObjectMapper.getSerializationConfig()" because "this.objectMapper" is null
2022-05-21 12:26:13,812 WARN springfox.documentation.schema.property.CachingModelPropertiesProvider [main] Exception calculating properties for model(com.diploma.admisssion.model.Courses) -> ModelContext{groupName=default, type=com.diploma.admisssion.model.Courses, isReturnType=true}. java.lang.NullPointerException: Cannot invoke "com.fasterxml.jackson.databind.ObjectMapper.getSerializationConfig()" because "this.objectMapper" is null
2022-05-21 12:26:13,815 WARN springfox.documentation.schema.property.CachingModelPropertiesProvider [main] Exception calculating properties for model(java.util.List<com.diploma.admisssion.model.Courses>) -> ModelContext{groupName=default, type=java.util.List<com.diploma.admisssion.model.Courses>, isReturnType=true}. java.lang.NullPointerException: Cannot invoke "com.fasterxml.jackson.databind.ObjectMapper.getSerializationConfig()" because "this.objectMapper" is null
2022-05-21 12:26:13,818 WARN springfox.documentation.schema.property.CachingModelPropertiesProvider [main] Exception calculating properties for model(com.diploma.admisssion.model.Courses) -> ModelContext{groupName=default, type=com.diploma.admisssion.model.Courses, isReturnType=true}. java.lang.NullPointerException: Cannot invoke "com.fasterxml.jackson.databind.ObjectMapper.getSerializationConfig()" because "this.objectMapper" is null
2022-05-21 12:26:13,832 WARN springfox.documentation.schema.property.CachingModelPropertiesProvider [main] Exception calculating properties for model(com.diploma.admisssion.model.Courses) -> ModelContext{groupName=default, type=com.diploma.admisssion.model.Courses, isReturnType=true}. java.lang.NullPointerException: Cannot invoke "com.fasterxml.jackson.databind.ObjectMapper.getSerializationConfig()" because "this.objectMapper" is null
2022-05-21 12:26:13,839 WARN springfox.documentation.schema.property.CachingModelPropertiesProvider [main] Exception calculating properties for model(com.diploma.admisssion.model.CourseRegistration) -> ModelContext{groupName=default, type=com.diploma.admisssion.model.CourseRegistration, isReturnType=true}. java.lang.NullPointerException: Cannot invoke "com.fasterxml.jackson.databind.ObjectMapper.getSerializationConfig()" because "this.objectMapper" is null
2022-05-21 12:26:13,843 WARN springfox.documentation.schema.property.CachingModelPropertiesProvider [main] Exception calculating properties for model(java.util.List<com.diploma.admisssion.model.CourseRegistration>) -> ModelContext{groupName=default, type=java.util.List<com.diploma.admisssion.model.CourseRegistration>, isReturnType=true}. java.lang.NullPointerException: Cannot invoke "com.fasterxml.jackson.databind.ObjectMapper.getSerializationConfig()" because "this.objectMapper" is null
2022-05-21 12:26:13,846 WARN springfox.documentation.schema.property.CachingModelPropertiesProvider [main] Exception calculating properties for model(com.diploma.admisssion.model.CourseRegistration) -> ModelContext{groupName=default, type=com.diploma.admisssion.model.CourseRegistration, isReturnType=true}. java.lang.NullPointerException: Cannot invoke "com.fasterxml.jackson.databind.ObjectMapper.getSerializationConfig()" because "this.objectMapper" is null
2022-05-21 12:26:13,861 WARN springfox.documentation.schema.property.CachingModelPropertiesProvider [main] Exception calculating properties for model(com.diploma.admisssion.model.CourseRegistration) -> ModelContext{groupName=default, type=com.diploma.admisssion.model.CourseRegistration, isReturnType=true}. java.lang.NullPointerException: Cannot invoke "com.fasterxml.jackson.databind.ObjectMapper.getSerializationConfig()" because "this.objectMapper" is null
2022-05-21 12:26:13,893 WARN springfox.documentation.schema.property.CachingModelPropertiesProvider [main] Exception calculating properties for model(com.diploma.admisssion.model.Institutes) -> ModelContext{groupName=default, type=com.diploma.admisssion.model.Institutes, isReturnType=false}. java.lang.NullPointerException: Cannot invoke "com.fasterxml.jackson.databind.ObjectMapper.getDeserializationConfig()" because "this.objectMapper" is null
2022-05-21 12:26:13,897 WARN springfox.documentation.schema.property.CachingModelPropertiesProvider [main] Exception calculating properties for model(com.diploma.admisssion.model.Institutes) -> ModelContext{groupName=default, type=com.diploma.admisssion.model.Institutes, isReturnType=false}. java.lang.NullPointerException: Cannot invoke "com.fasterxml.jackson.databind.ObjectMapper.getDeserializationConfig()" because "this.objectMapper" is null
2022-05-21 12:26:13,903 INFO springfox.documentation.spring.web.readers.operation.CachingOperationNameGenerator [main] Generating unique operation named: addUsingPOST_1
2022-05-21 12:26:13,922 WARN springfox.documentation.schema.property.CachingModelPropertiesProvider [main] Exception calculating properties for model(com.diploma.admisssion.model.Institutes) -> ModelContext{groupName=default, type=com.diploma.admisssion.model.Institutes, isReturnType=true}. java.lang.NullPointerException: Cannot invoke "com.fasterxml.jackson.databind.ObjectMapper.getSerializationConfig()" because "this.objectMapper" is null
2022-05-21 12:26:13,923 WARN springfox.documentation.schema.property.CachingModelPropertiesProvider [main] Exception calculating properties for model(com.diploma.admisssion.model.Institutes) -> ModelContext{groupName=default, type=com.diploma.admisssion.model.Institutes, isReturnType=true}. java.lang.NullPointerException: Cannot invoke "com.fasterxml.jackson.databind.ObjectMapper.getSerializationConfig()" because "this.objectMapper" is null
2022-05-21 12:26:13,935 WARN springfox.documentation.schema.property.CachingModelPropertiesProvider [main] Exception calculating properties for model(com.diploma.admisssion.model.Institutes) -> ModelContext{groupName=default, type=com.diploma.admisssion.model.Institutes, isReturnType=true}. java.lang.NullPointerException: Cannot invoke "com.fasterxml.jackson.databind.ObjectMapper.getSerializationConfig()" because "this.objectMapper" is null
2022-05-21 12:26:13,937 WARN springfox.documentation.schema.property.CachingModelPropertiesProvider [main] Exception calculating properties for model(java.util.List<com.diploma.admisssion.model.Institutes>) -> ModelContext{groupName=default, type=java.util.List<com.diploma.admisssion.model.Institutes>, isReturnType=true}. java.lang.NullPointerException: Cannot invoke "com.fasterxml.jackson.databind.ObjectMapper.getSerializationConfig()" because "this.objectMapper" is null
2022-05-21 12:26:13,939 WARN springfox.documentation.schema.property.CachingModelPropertiesProvider [main] Exception calculating properties for model(com.diploma.admisssion.model.Institutes) -> ModelContext{groupName=default, type=com.diploma.admisssion.model.Institutes, isReturnType=true}. java.lang.NullPointerException: Cannot invoke "com.fasterxml.jackson.databind.ObjectMapper.getSerializationConfig()" because "this.objectMapper" is null
2022-05-21 12:26:13,946 INFO springfox.documentation.spring.web.readers.operation.CachingOperationNameGenerator [main] Generating unique operation named: getAllUsingGET_1
2022-05-21 12:26:13,956 WARN springfox.documentation.schema.property.CachingModelPropertiesProvider [main] Exception calculating properties for model(com.diploma.admisssion.model.UserRatings) -> ModelContext{groupName=default, type=com.diploma.admisssion.model.UserRatings, isReturnType=true}. java.lang.NullPointerException: Cannot invoke "com.fasterxml.jackson.databind.ObjectMapper.getSerializationConfig()" because "this.objectMapper" is null
2022-05-21 12:26:13,958 WARN springfox.documentation.schema.property.CachingModelPropertiesProvider [main] Exception calculating properties for model(java.util.List<com.diploma.admisssion.model.UserRatings>) -> ModelContext{groupName=default, type=java.util.List<com.diploma.admisssion.model.UserRatings>, isReturnType=true}. java.lang.NullPointerException: Cannot invoke "com.fasterxml.jackson.databind.ObjectMapper.getSerializationConfig()" because "this.objectMapper" is null
2022-05-21 12:26:13,961 WARN springfox.documentation.schema.property.CachingModelPropertiesProvider [main] Exception calculating properties for model(com.diploma.admisssion.model.UserRatings) -> ModelContext{groupName=default, type=com.diploma.admisssion.model.UserRatings, isReturnType=true}. java.lang.NullPointerException: Cannot invoke "com.fasterxml.jackson.databind.ObjectMapper.getSerializationConfig()" because "this.objectMapper" is null
2022-05-21 12:26:13,970 WARN springfox.documentation.schema.property.CachingModelPropertiesProvider [main] Exception calculating properties for model(com.diploma.admisssion.model.UserRatings) -> ModelContext{groupName=default, type=com.diploma.admisssion.model.UserRatings, isReturnType=false}. java.lang.NullPointerException: Cannot invoke "com.fasterxml.jackson.databind.ObjectMapper.getDeserializationConfig()" because "this.objectMapper" is null
2022-05-21 12:26:13,972 WARN springfox.documentation.schema.property.CachingModelPropertiesProvider [main] Exception calculating properties for model(com.diploma.admisssion.model.UserRatings) -> ModelContext{groupName=default, type=com.diploma.admisssion.model.UserRatings, isReturnType=false}. java.lang.NullPointerException: Cannot invoke "com.fasterxml.jackson.databind.ObjectMapper.getDeserializationConfig()" because "this.objectMapper" is null
2022-05-21 12:26:13,973 WARN springfox.documentation.schema.property.CachingModelPropertiesProvider [main] Exception calculating properties for model(com.diploma.admisssion.model.UserRatings) -> ModelContext{groupName=default, type=com.diploma.admisssion.model.UserRatings, isReturnType=true}. java.lang.NullPointerException: Cannot invoke "com.fasterxml.jackson.databind.ObjectMapper.getSerializationConfig()" because "this.objectMapper" is null
2022-05-21 12:26:13,978 WARN springfox.documentation.schema.property.CachingModelPropertiesProvider [main] Exception calculating properties for model(com.diploma.admisssion.model.UserRatings) -> ModelContext{groupName=default, type=com.diploma.admisssion.model.UserRatings, isReturnType=true}. java.lang.NullPointerException: Cannot invoke "com.fasterxml.jackson.databind.ObjectMapper.getSerializationConfig()" because "this.objectMapper" is null
2022-05-21 12:26:13,988 WARN springfox.documentation.schema.property.CachingModelPropertiesProvider [main] Exception calculating properties for model(com.diploma.admisssion.model.Institutes) -> ModelContext{groupName=default, type=com.diploma.admisssion.model.Institutes, isReturnType=true}. java.lang.NullPointerException: Cannot invoke "com.fasterxml.jackson.databind.ObjectMapper.getSerializationConfig()" because "this.objectMapper" is null
2022-05-21 12:26:13,999 WARN springfox.documentation.schema.property.CachingModelPropertiesProvider [main] Exception calculating properties for model(com.diploma.admisssion.model.User) -> ModelContext{groupName=default, type=com.diploma.admisssion.model.User, isReturnType=true}. java.lang.NullPointerException: Cannot invoke "com.fasterxml.jackson.databind.ObjectMapper.getSerializationConfig()" because "this.objectMapper" is null
2022-05-21 12:26:14,002 WARN springfox.documentation.schema.property.CachingModelPropertiesProvider [main] Exception calculating properties for model(com.diploma.admisssion.model.User) -> ModelContext{groupName=default, type=com.diploma.admisssion.model.User, isReturnType=true}. java.lang.NullPointerException: Cannot invoke "com.fasterxml.jackson.databind.ObjectMapper.getSerializationConfig()" because "this.objectMapper" is null
2022-05-21 12:26:14,004 WARN springfox.documentation.schema.property.CachingModelPropertiesProvider [main] Exception calculating properties for model(com.diploma.admisssion.model.User) -> ModelContext{groupName=default, type=com.diploma.admisssion.model.User, isReturnType=false}. java.lang.NullPointerException: Cannot invoke "com.fasterxml.jackson.databind.ObjectMapper.getDeserializationConfig()" because "this.objectMapper" is null
2022-05-21 12:26:14,006 WARN springfox.documentation.schema.property.CachingModelPropertiesProvider [main] Exception calculating properties for model(com.diploma.admisssion.model.User) -> ModelContext{groupName=default, type=com.diploma.admisssion.model.User, isReturnType=false}. java.lang.NullPointerException: Cannot invoke "com.fasterxml.jackson.databind.ObjectMapper.getDeserializationConfig()" because "this.objectMapper" is null
2022-05-21 12:26:14,014 INFO springfox.documentation.spring.web.readers.operation.CachingOperationNameGenerator [main] Generating unique operation named: addUsingPOST_2
2022-05-21 12:26:14,017 WARN springfox.documentation.schema.property.CachingModelPropertiesProvider [main] Exception calculating properties for model(com.diploma.admisssion.model.User) -> ModelContext{groupName=default, type=com.diploma.admisssion.model.User, isReturnType=true}. java.lang.NullPointerException: Cannot invoke "com.fasterxml.jackson.databind.ObjectMapper.getSerializationConfig()" because "this.objectMapper" is null
2022-05-21 12:26:14,019 WARN springfox.documentation.schema.property.CachingModelPropertiesProvider [main] Exception calculating properties for model(java.util.List<com.diploma.admisssion.model.User>) -> ModelContext{groupName=default, type=java.util.List<com.diploma.admisssion.model.User>, isReturnType=true}. java.lang.NullPointerException: Cannot invoke "com.fasterxml.jackson.databind.ObjectMapper.getSerializationConfig()" because "this.objectMapper" is null
2022-05-21 12:26:14,021 WARN springfox.documentation.schema.property.CachingModelPropertiesProvider [main] Exception calculating properties for model(com.diploma.admisssion.model.User) -> ModelContext{groupName=default, type=com.diploma.admisssion.model.User, isReturnType=true}. java.lang.NullPointerException: Cannot invoke "com.fasterxml.jackson.databind.ObjectMapper.getSerializationConfig()" because "this.objectMapper" is null
2022-05-21 12:26:14,064 INFO org.springframework.boot.StartupInfoLogger [main] Started AdmisssionApplication in 6.229 seconds (JVM running for 6.739)
2022-05-21 12:26:31,456 INFO org.apache.juli.logging.DirectJDKLog [http-nio-8080-exec-1] Initializing Spring DispatcherServlet 'dispatcherServlet'
2022-05-21 12:26:31,457 INFO org.springframework.web.servlet.FrameworkServlet [http-nio-8080-exec-1] Initializing Servlet 'dispatcherServlet'
2022-05-21 12:26:31,516 INFO springfox.documentation.spring.web.PropertySourcedRequestMappingHandlerMapping [http-nio-8080-exec-1] Mapped URL path [/v2/api-docs] onto method [springfox.documentation.swagger2.web.Swagger2Controller#getDocumentation(String, HttpServletRequest)]
2022-05-21 12:26:31,882 INFO org.springframework.web.servlet.FrameworkServlet [http-nio-8080-exec-1] Completed initialization in 424 ms
2022-05-21 12:26:32,454 ERROR com.diploma.admisssion.exceptions.CustomGlobalExceptionHandler [http-nio-8080-exec-2] Error
com.diploma.admisssion.exceptions.InvalidUserException: Inavlid Login Credentials
	at com.diploma.admisssion.service.UserServiceImpl.loginUser(UserServiceImpl.java:53)
	at com.diploma.admisssion.controller.UserContoller.login(UserContoller.java:47)
	at java.base/jdk.internal.reflect.NativeMethodAccessorImpl.invoke0(Native Method)
	at java.base/jdk.internal.reflect.NativeMethodAccessorImpl.invoke(Unknown Source)
	at java.base/jdk.internal.reflect.DelegatingMethodAccessorImpl.invoke(Unknown Source)
	at java.base/java.lang.reflect.Method.invoke(Unknown Source)
	at org.springframework.web.method.support.InvocableHandlerMethod.doInvoke(InvocableHandlerMethod.java:205)
	at org.springframework.web.method.support.InvocableHandlerMethod.invokeForRequest(InvocableHandlerMethod.java:150)
	at org.springframework.web.servlet.mvc.method.annotation.ServletInvocableHandlerMethod.invokeAndHandle(ServletInvocableHandlerMethod.java:117)
	at org.springframework.web.servlet.mvc.method.annotation.RequestMappingHandlerAdapter.invokeHandlerMethod(RequestMappingHandlerAdapter.java:895)
	at org.springframework.web.servlet.mvc.method.annotation.RequestMappingHandlerAdapter.handleInternal(RequestMappingHandlerAdapter.java:808)
	at org.springframework.web.servlet.mvc.method.AbstractHandlerMethodAdapter.handle(AbstractHandlerMethodAdapter.java:87)
	at org.springframework.web.servlet.DispatcherServlet.doDispatch(DispatcherServlet.java:1067)
	at org.springframework.web.servlet.DispatcherServlet.doService(DispatcherServlet.java:963)
	at org.springframework.web.servlet.FrameworkServlet.processRequest(FrameworkServlet.java:1006)
	at org.springframework.web.servlet.FrameworkServlet.doPost(FrameworkServlet.java:909)
	at javax.servlet.http.HttpServlet.service(HttpServlet.java:681)
	at org.springframework.web.servlet.FrameworkServlet.service(FrameworkServlet.java:883)
	at javax.servlet.http.HttpServlet.service(HttpServlet.java:764)
	at org.apache.catalina.core.ApplicationFilterChain.internalDoFilter(ApplicationFilterChain.java:227)
	at org.apache.catalina.core.ApplicationFilterChain.doFilter(ApplicationFilterChain.java:162)
	at org.apache.tomcat.websocket.server.WsFilter.doFilter(WsFilter.java:53)
	at org.apache.catalina.core.ApplicationFilterChain.internalDoFilter(ApplicationFilterChain.java:189)
	at org.apache.catalina.core.ApplicationFilterChain.doFilter(ApplicationFilterChain.java:162)
	at org.springframework.web.filter.RequestContextFilter.doFilterInternal(RequestContextFilter.java:100)
	at org.springframework.web.filter.OncePerRequestFilter.doFilter(OncePerRequestFilter.java:117)
	at org.apache.catalina.core.ApplicationFilterChain.internalDoFilter(ApplicationFilterChain.java:189)
	at org.apache.catalina.core.ApplicationFilterChain.doFilter(ApplicationFilterChain.java:162)
	at org.springframework.web.filter.FormContentFilter.doFilterInternal(FormContentFilter.java:93)
	at org.springframework.web.filter.OncePerRequestFilter.doFilter(OncePerRequestFilter.java:117)
	at org.apache.catalina.core.ApplicationFilterChain.internalDoFilter(ApplicationFilterChain.java:189)
	at org.apache.catalina.core.ApplicationFilterChain.doFilter(ApplicationFilterChain.java:162)
	at org.springframework.web.filter.CharacterEncodingFilter.doFilterInternal(CharacterEncodingFilter.java:201)
	at org.springframework.web.filter.OncePerRequestFilter.doFilter(OncePerRequestFilter.java:117)
	at org.apache.catalina.core.ApplicationFilterChain.internalDoFilter(ApplicationFilterChain.java:189)
	at org.apache.catalina.core.ApplicationFilterChain.doFilter(ApplicationFilterChain.java:162)
	at org.apache.catalina.core.StandardWrapperValve.invoke(StandardWrapperValve.java:197)
	at org.apache.catalina.core.StandardContextValve.invoke(StandardContextValve.java:97)
	at org.apache.catalina.authenticator.AuthenticatorBase.invoke(AuthenticatorBase.java:540)
	at org.apache.catalina.core.StandardHostValve.invoke(StandardHostValve.java:135)
	at org.apache.catalina.valves.ErrorReportValve.invoke(ErrorReportValve.java:92)
	at org.apache.catalina.core.StandardEngineValve.invoke(StandardEngineValve.java:78)
	at org.apache.catalina.connector.CoyoteAdapter.service(CoyoteAdapter.java:359)
	at org.apache.coyote.http11.Http11Processor.service(Http11Processor.java:399)
	at org.apache.coyote.AbstractProcessorLight.process(AbstractProcessorLight.java:65)
	at org.apache.coyote.AbstractProtocol$ConnectionHandler.process(AbstractProtocol.java:889)
	at org.apache.tomcat.util.net.NioEndpoint$SocketProcessor.doRun(NioEndpoint.java:1735)
	at org.apache.tomcat.util.net.SocketProcessorBase.run(SocketProcessorBase.java:49)
	at org.apache.tomcat.util.threads.ThreadPoolExecutor.runWorker(ThreadPoolExecutor.java:1191)
	at org.apache.tomcat.util.threads.ThreadPoolExecutor$Worker.run(ThreadPoolExecutor.java:659)
	at org.apache.tomcat.util.threads.TaskThread$WrappingRunnable.run(TaskThread.java:61)
	at java.base/java.lang.Thread.run(Unknown Source)
2022-05-21 12:26:44,972 INFO com.diploma.admisssion.controller.UserContoller [http-nio-8080-exec-3] Logged in with: hitesh@gmail.com
2022-05-21 12:27:08,854 ERROR com.diploma.admisssion.exceptions.CustomGlobalExceptionHandler [http-nio-8080-exec-4] Error
com.diploma.admisssion.exceptions.InvalidUserException: Inavlid Login Credentials
	at com.diploma.admisssion.service.UserServiceImpl.loginUser(UserServiceImpl.java:53)
	at com.diploma.admisssion.controller.UserContoller.login(UserContoller.java:47)
	at java.base/jdk.internal.reflect.NativeMethodAccessorImpl.invoke0(Native Method)
	at java.base/jdk.internal.reflect.NativeMethodAccessorImpl.invoke(Unknown Source)
	at java.base/jdk.internal.reflect.DelegatingMethodAccessorImpl.invoke(Unknown Source)
	at java.base/java.lang.reflect.Method.invoke(Unknown Source)
	at org.springframework.web.method.support.InvocableHandlerMethod.doInvoke(InvocableHandlerMethod.java:205)
	at org.springframework.web.method.support.InvocableHandlerMethod.invokeForRequest(InvocableHandlerMethod.java:150)
	at org.springframework.web.servlet.mvc.method.annotation.ServletInvocableHandlerMethod.invokeAndHandle(ServletInvocableHandlerMethod.java:117)
	at org.springframework.web.servlet.mvc.method.annotation.RequestMappingHandlerAdapter.invokeHandlerMethod(RequestMappingHandlerAdapter.java:895)
	at org.springframework.web.servlet.mvc.method.annotation.RequestMappingHandlerAdapter.handleInternal(RequestMappingHandlerAdapter.java:808)
	at org.springframework.web.servlet.mvc.method.AbstractHandlerMethodAdapter.handle(AbstractHandlerMethodAdapter.java:87)
	at org.springframework.web.servlet.DispatcherServlet.doDispatch(DispatcherServlet.java:1067)
	at org.springframework.web.servlet.DispatcherServlet.doService(DispatcherServlet.java:963)
	at org.springframework.web.servlet.FrameworkServlet.processRequest(FrameworkServlet.java:1006)
	at org.springframework.web.servlet.FrameworkServlet.doPost(FrameworkServlet.java:909)
	at javax.servlet.http.HttpServlet.service(HttpServlet.java:681)
	at org.springframework.web.servlet.FrameworkServlet.service(FrameworkServlet.java:883)
	at javax.servlet.http.HttpServlet.service(HttpServlet.java:764)
	at org.apache.catalina.core.ApplicationFilterChain.internalDoFilter(ApplicationFilterChain.java:227)
	at org.apache.catalina.core.ApplicationFilterChain.doFilter(ApplicationFilterChain.java:162)
	at org.apache.tomcat.websocket.server.WsFilter.doFilter(WsFilter.java:53)
	at org.apache.catalina.core.ApplicationFilterChain.internalDoFilter(ApplicationFilterChain.java:189)
	at org.apache.catalina.core.ApplicationFilterChain.doFilter(ApplicationFilterChain.java:162)
	at org.springframework.web.filter.RequestContextFilter.doFilterInternal(RequestContextFilter.java:100)
	at org.springframework.web.filter.OncePerRequestFilter.doFilter(OncePerRequestFilter.java:117)
	at org.apache.catalina.core.ApplicationFilterChain.internalDoFilter(ApplicationFilterChain.java:189)
	at org.apache.catalina.core.ApplicationFilterChain.doFilter(ApplicationFilterChain.java:162)
	at org.springframework.web.filter.FormContentFilter.doFilterInternal(FormContentFilter.java:93)
	at org.springframework.web.filter.OncePerRequestFilter.doFilter(OncePerRequestFilter.java:117)
	at org.apache.catalina.core.ApplicationFilterChain.internalDoFilter(ApplicationFilterChain.java:189)
	at org.apache.catalina.core.ApplicationFilterChain.doFilter(ApplicationFilterChain.java:162)
	at org.springframework.web.filter.CharacterEncodingFilter.doFilterInternal(CharacterEncodingFilter.java:201)
	at org.springframework.web.filter.OncePerRequestFilter.doFilter(OncePerRequestFilter.java:117)
	at org.apache.catalina.core.ApplicationFilterChain.internalDoFilter(ApplicationFilterChain.java:189)
	at org.apache.catalina.core.ApplicationFilterChain.doFilter(ApplicationFilterChain.java:162)
	at org.apache.catalina.core.StandardWrapperValve.invoke(StandardWrapperValve.java:197)
	at org.apache.catalina.core.StandardContextValve.invoke(StandardContextValve.java:97)
	at org.apache.catalina.authenticator.AuthenticatorBase.invoke(AuthenticatorBase.java:540)
	at org.apache.catalina.core.StandardHostValve.invoke(StandardHostValve.java:135)
	at org.apache.catalina.valves.ErrorReportValve.invoke(ErrorReportValve.java:92)
	at org.apache.catalina.core.StandardEngineValve.invoke(StandardEngineValve.java:78)
	at org.apache.catalina.connector.CoyoteAdapter.service(CoyoteAdapter.java:359)
	at org.apache.coyote.http11.Http11Processor.service(Http11Processor.java:399)
	at org.apache.coyote.AbstractProcessorLight.process(AbstractProcessorLight.java:65)
	at org.apache.coyote.AbstractProtocol$ConnectionHandler.process(AbstractProtocol.java:889)
	at org.apache.tomcat.util.net.NioEndpoint$SocketProcessor.doRun(NioEndpoint.java:1735)
	at org.apache.tomcat.util.net.SocketProcessorBase.run(SocketProcessorBase.java:49)
	at org.apache.tomcat.util.threads.ThreadPoolExecutor.runWorker(ThreadPoolExecutor.java:1191)
	at org.apache.tomcat.util.threads.ThreadPoolExecutor$Worker.run(ThreadPoolExecutor.java:659)
	at org.apache.tomcat.util.threads.TaskThread$WrappingRunnable.run(TaskThread.java:61)
	at java.base/java.lang.Thread.run(Unknown Source)
2022-05-21 12:27:44,637 INFO com.diploma.admisssion.controller.UserContoller [http-nio-8080-exec-5] Logged in with: parthbatra55@gmail.com
2022-05-21 12:32:36,330 INFO org.springframework.boot.StartupInfoLogger [main] Starting AdmisssionApplication using Java 17.0.2 on DESKTOP-QH95P3G with PID 8656 (E:\inturnship\16 april\code\springapp\target\classes started by Parth in E:\inturnship\16 april\code)
2022-05-21 12:32:36,334 DEBUG org.springframework.boot.StartupInfoLogger [main] Running with Spring Boot v2.6.4, Spring v5.3.16
2022-05-21 12:32:36,335 INFO org.springframework.boot.SpringApplication [main] No active profile set, falling back to 1 default profile: "default"
2022-05-21 12:32:37,370 INFO org.springframework.data.repository.config.RepositoryConfigurationDelegate [main] Bootstrapping Spring Data JPA repositories in DEFAULT mode.
2022-05-21 12:32:37,466 INFO org.springframework.data.repository.config.RepositoryConfigurationDelegate [main] Finished Spring Data repository scanning in 82 ms. Found 6 JPA repository interfaces.
2022-05-21 12:32:38,304 INFO org.springframework.boot.web.embedded.tomcat.TomcatWebServer [main] Tomcat initialized with port(s): 8080 (http)
2022-05-21 12:32:38,317 INFO org.apache.juli.logging.DirectJDKLog [main] Initializing ProtocolHandler ["http-nio-8080"]
2022-05-21 12:32:38,319 INFO org.apache.juli.logging.DirectJDKLog [main] Starting service [Tomcat]
2022-05-21 12:32:38,320 INFO org.apache.juli.logging.DirectJDKLog [main] Starting Servlet engine: [Apache Tomcat/9.0.58]
2022-05-21 12:32:38,442 INFO org.apache.juli.logging.DirectJDKLog [main] Initializing Spring embedded WebApplicationContext
2022-05-21 12:32:38,443 INFO org.springframework.boot.web.servlet.context.ServletWebServerApplicationContext [main] Root WebApplicationContext: initialization completed in 2007 ms
2022-05-21 12:32:38,675 INFO org.hibernate.jpa.internal.util.LogHelper [main] HHH000204: Processing PersistenceUnitInfo [name: default]
2022-05-21 12:32:38,735 INFO org.hibernate.Version [main] HHH000412: Hibernate ORM core version 5.6.5.Final
2022-05-21 12:32:38,952 INFO org.hibernate.annotations.common.reflection.java.JavaReflectionManager [main] HCANN000001: Hibernate Commons Annotations {5.1.2.Final}
2022-05-21 12:32:39,066 INFO com.zaxxer.hikari.HikariDataSource [main] HikariPool-1 - Starting...
2022-05-21 12:32:39,223 INFO com.zaxxer.hikari.HikariDataSource [main] HikariPool-1 - Start completed.
2022-05-21 12:32:39,242 INFO org.hibernate.dialect.Dialect [main] HHH000400: Using dialect: org.hibernate.dialect.MySQL5Dialect
2022-05-21 12:32:39,904 INFO org.hibernate.engine.transaction.jta.platform.internal.JtaPlatformInitiator [main] HHH000490: Using JtaPlatform implementation: [org.hibernate.engine.transaction.jta.platform.internal.NoJtaPlatform]
2022-05-21 12:32:39,914 INFO org.springframework.orm.jpa.AbstractEntityManagerFactoryBean [main] Initialized JPA EntityManagerFactory for persistence unit 'default'
2022-05-21 12:32:40,646 WARN org.springframework.boot.autoconfigure.orm.jpa.JpaBaseConfiguration$JpaWebConfiguration [main] spring.jpa.open-in-view is enabled by default. Therefore, database queries may be performed during view rendering. Explicitly configure spring.jpa.open-in-view to disable this warning
2022-05-21 12:32:40,851 INFO org.apache.juli.logging.DirectJDKLog [main] Starting ProtocolHandler ["http-nio-8080"]
2022-05-21 12:32:40,933 INFO org.springframework.boot.web.embedded.tomcat.TomcatWebServer [main] Tomcat started on port(s): 8080 (http) with context path ''
2022-05-21 12:32:40,937 INFO springfox.documentation.spring.web.plugins.DocumentationPluginsBootstrapper [main] Context refreshed
2022-05-21 12:32:40,992 INFO springfox.documentation.spring.web.plugins.DocumentationPluginsBootstrapper [main] Found 1 custom documentation plugin(s)
2022-05-21 12:32:41,040 INFO springfox.documentation.spring.web.scanners.ApiListingReferenceScanner [main] Scanning for api listing references
2022-05-21 12:32:41,095 WARN springfox.documentation.schema.property.CachingModelPropertiesProvider [main] Exception calculating properties for model(com.diploma.admisssion.model.Admissions) -> ModelContext{groupName=default, type=com.diploma.admisssion.model.Admissions, isReturnType=true}. java.lang.NullPointerException: Cannot invoke "com.fasterxml.jackson.databind.ObjectMapper.getSerializationConfig()" because "this.objectMapper" is null
2022-05-21 12:32:41,105 WARN springfox.documentation.schema.property.CachingModelPropertiesProvider [main] Exception calculating properties for model(com.diploma.admisssion.model.Admissions) -> ModelContext{groupName=default, type=com.diploma.admisssion.model.Admissions, isReturnType=true}. java.lang.NullPointerException: Cannot invoke "com.fasterxml.jackson.databind.ObjectMapper.getSerializationConfig()" because "this.objectMapper" is null
2022-05-21 12:32:41,108 WARN springfox.documentation.schema.property.CachingModelPropertiesProvider [main] Exception calculating properties for model(com.diploma.admisssion.model.Admissions) -> ModelContext{groupName=default, type=com.diploma.admisssion.model.Admissions, isReturnType=false}. java.lang.NullPointerException: Cannot invoke "com.fasterxml.jackson.databind.ObjectMapper.getDeserializationConfig()" because "this.objectMapper" is null
2022-05-21 12:32:41,111 WARN springfox.documentation.schema.property.CachingModelPropertiesProvider [main] Exception calculating properties for model(com.diploma.admisssion.model.Admissions) -> ModelContext{groupName=default, type=com.diploma.admisssion.model.Admissions, isReturnType=false}. java.lang.NullPointerException: Cannot invoke "com.fasterxml.jackson.databind.ObjectMapper.getDeserializationConfig()" because "this.objectMapper" is null
2022-05-21 12:32:41,262 WARN springfox.documentation.schema.property.CachingModelPropertiesProvider [main] Exception calculating properties for model(com.diploma.admisssion.model.Courses) -> ModelContext{groupName=default, type=com.diploma.admisssion.model.Courses, isReturnType=false}. java.lang.NullPointerException: Cannot invoke "com.fasterxml.jackson.databind.ObjectMapper.getDeserializationConfig()" because "this.objectMapper" is null
2022-05-21 12:32:41,265 WARN springfox.documentation.schema.property.CachingModelPropertiesProvider [main] Exception calculating properties for model(com.diploma.admisssion.model.Courses) -> ModelContext{groupName=default, type=com.diploma.admisssion.model.Courses, isReturnType=false}. java.lang.NullPointerException: Cannot invoke "com.fasterxml.jackson.databind.ObjectMapper.getDeserializationConfig()" because "this.objectMapper" is null
2022-05-21 12:32:41,306 INFO springfox.documentation.spring.web.readers.operation.CachingOperationNameGenerator [main] Generating unique operation named: deleteCourseUsingDELETE_1
2022-05-21 12:32:41,308 WARN springfox.documentation.schema.property.CachingModelPropertiesProvider [main] Exception calculating properties for model(org.springframework.core.io.Resource) -> ModelContext{groupName=default, type=org.springframework.core.io.Resource, isReturnType=true}. java.lang.NullPointerException: Cannot invoke "com.fasterxml.jackson.databind.ObjectMapper.getSerializationConfig()" because "this.objectMapper" is null
2022-05-21 12:32:41,311 WARN springfox.documentation.schema.property.CachingModelPropertiesProvider [main] Exception calculating properties for model(org.springframework.core.io.Resource) -> ModelContext{groupName=default, type=org.springframework.core.io.Resource, isReturnType=true}. java.lang.NullPointerException: Cannot invoke "com.fasterxml.jackson.databind.ObjectMapper.getSerializationConfig()" because "this.objectMapper" is null
2022-05-21 12:32:41,320 WARN springfox.documentation.schema.property.CachingModelPropertiesProvider [main] Exception calculating properties for model(com.diploma.admisssion.model.Courses) -> ModelContext{groupName=default, type=com.diploma.admisssion.model.Courses, isReturnType=true}. java.lang.NullPointerException: Cannot invoke "com.fasterxml.jackson.databind.ObjectMapper.getSerializationConfig()" because "this.objectMapper" is null
2022-05-21 12:32:41,323 WARN springfox.documentation.schema.property.CachingModelPropertiesProvider [main] Exception calculating properties for model(com.diploma.admisssion.model.Courses) -> ModelContext{groupName=default, type=com.diploma.admisssion.model.Courses, isReturnType=true}. java.lang.NullPointerException: Cannot invoke "com.fasterxml.jackson.databind.ObjectMapper.getSerializationConfig()" because "this.objectMapper" is null
2022-05-21 12:32:41,332 WARN springfox.documentation.schema.property.CachingModelPropertiesProvider [main] Exception calculating properties for model(com.diploma.admisssion.model.CourseRegistration) -> ModelContext{groupName=default, type=com.diploma.admisssion.model.CourseRegistration, isReturnType=false}. java.lang.NullPointerException: Cannot invoke "com.fasterxml.jackson.databind.ObjectMapper.getDeserializationConfig()" because "this.objectMapper" is null
2022-05-21 12:32:41,334 WARN springfox.documentation.schema.property.CachingModelPropertiesProvider [main] Exception calculating properties for model(com.diploma.admisssion.model.CourseRegistration) -> ModelContext{groupName=default, type=com.diploma.admisssion.model.CourseRegistration, isReturnType=false}. java.lang.NullPointerException: Cannot invoke "com.fasterxml.jackson.databind.ObjectMapper.getDeserializationConfig()" because "this.objectMapper" is null
2022-05-21 12:32:41,336 WARN springfox.documentation.schema.property.CachingModelPropertiesProvider [main] Exception calculating properties for model(com.diploma.admisssion.model.CourseRegistration) -> ModelContext{groupName=default, type=com.diploma.admisssion.model.CourseRegistration, isReturnType=true}. java.lang.NullPointerException: Cannot invoke "com.fasterxml.jackson.databind.ObjectMapper.getSerializationConfig()" because "this.objectMapper" is null
2022-05-21 12:32:41,337 WARN springfox.documentation.schema.property.CachingModelPropertiesProvider [main] Exception calculating properties for model(com.diploma.admisssion.model.CourseRegistration) -> ModelContext{groupName=default, type=com.diploma.admisssion.model.CourseRegistration, isReturnType=true}. java.lang.NullPointerException: Cannot invoke "com.fasterxml.jackson.databind.ObjectMapper.getSerializationConfig()" because "this.objectMapper" is null
2022-05-21 12:32:41,347 WARN springfox.documentation.schema.property.CachingModelPropertiesProvider [main] Exception calculating properties for model(com.diploma.admisssion.model.Courses) -> ModelContext{groupName=default, type=com.diploma.admisssion.model.Courses, isReturnType=true}. java.lang.NullPointerException: Cannot invoke "com.fasterxml.jackson.databind.ObjectMapper.getSerializationConfig()" because "this.objectMapper" is null
2022-05-21 12:32:41,350 WARN springfox.documentation.schema.property.CachingModelPropertiesProvider [main] Exception calculating properties for model(java.util.List<com.diploma.admisssion.model.Courses>) -> ModelContext{groupName=default, type=java.util.List<com.diploma.admisssion.model.Courses>, isReturnType=true}. java.lang.NullPointerException: Cannot invoke "com.fasterxml.jackson.databind.ObjectMapper.getSerializationConfig()" because "this.objectMapper" is null
2022-05-21 12:32:41,352 WARN springfox.documentation.schema.property.CachingModelPropertiesProvider [main] Exception calculating properties for model(com.diploma.admisssion.model.Courses) -> ModelContext{groupName=default, type=com.diploma.admisssion.model.Courses, isReturnType=true}. java.lang.NullPointerException: Cannot invoke "com.fasterxml.jackson.databind.ObjectMapper.getSerializationConfig()" because "this.objectMapper" is null
2022-05-21 12:32:41,364 WARN springfox.documentation.schema.property.CachingModelPropertiesProvider [main] Exception calculating properties for model(com.diploma.admisssion.model.Courses) -> ModelContext{groupName=default, type=com.diploma.admisssion.model.Courses, isReturnType=true}. java.lang.NullPointerException: Cannot invoke "com.fasterxml.jackson.databind.ObjectMapper.getSerializationConfig()" because "this.objectMapper" is null
2022-05-21 12:32:41,375 WARN springfox.documentation.schema.property.CachingModelPropertiesProvider [main] Exception calculating properties for model(com.diploma.admisssion.model.CourseRegistration) -> ModelContext{groupName=default, type=com.diploma.admisssion.model.CourseRegistration, isReturnType=true}. java.lang.NullPointerException: Cannot invoke "com.fasterxml.jackson.databind.ObjectMapper.getSerializationConfig()" because "this.objectMapper" is null
2022-05-21 12:32:41,377 WARN springfox.documentation.schema.property.CachingModelPropertiesProvider [main] Exception calculating properties for model(java.util.List<com.diploma.admisssion.model.CourseRegistration>) -> ModelContext{groupName=default, type=java.util.List<com.diploma.admisssion.model.CourseRegistration>, isReturnType=true}. java.lang.NullPointerException: Cannot invoke "com.fasterxml.jackson.databind.ObjectMapper.getSerializationConfig()" because "this.objectMapper" is null
2022-05-21 12:32:41,380 WARN springfox.documentation.schema.property.CachingModelPropertiesProvider [main] Exception calculating properties for model(com.diploma.admisssion.model.CourseRegistration) -> ModelContext{groupName=default, type=com.diploma.admisssion.model.CourseRegistration, isReturnType=true}. java.lang.NullPointerException: Cannot invoke "com.fasterxml.jackson.databind.ObjectMapper.getSerializationConfig()" because "this.objectMapper" is null
2022-05-21 12:32:41,397 WARN springfox.documentation.schema.property.CachingModelPropertiesProvider [main] Exception calculating properties for model(com.diploma.admisssion.model.CourseRegistration) -> ModelContext{groupName=default, type=com.diploma.admisssion.model.CourseRegistration, isReturnType=true}. java.lang.NullPointerException: Cannot invoke "com.fasterxml.jackson.databind.ObjectMapper.getSerializationConfig()" because "this.objectMapper" is null
2022-05-21 12:32:41,421 WARN springfox.documentation.schema.property.CachingModelPropertiesProvider [main] Exception calculating properties for model(com.diploma.admisssion.model.Institutes) -> ModelContext{groupName=default, type=com.diploma.admisssion.model.Institutes, isReturnType=false}. java.lang.NullPointerException: Cannot invoke "com.fasterxml.jackson.databind.ObjectMapper.getDeserializationConfig()" because "this.objectMapper" is null
2022-05-21 12:32:41,423 WARN springfox.documentation.schema.property.CachingModelPropertiesProvider [main] Exception calculating properties for model(com.diploma.admisssion.model.Institutes) -> ModelContext{groupName=default, type=com.diploma.admisssion.model.Institutes, isReturnType=false}. java.lang.NullPointerException: Cannot invoke "com.fasterxml.jackson.databind.ObjectMapper.getDeserializationConfig()" because "this.objectMapper" is null
2022-05-21 12:32:41,430 INFO springfox.documentation.spring.web.readers.operation.CachingOperationNameGenerator [main] Generating unique operation named: addUsingPOST_1
2022-05-21 12:32:41,448 WARN springfox.documentation.schema.property.CachingModelPropertiesProvider [main] Exception calculating properties for model(com.diploma.admisssion.model.Institutes) -> ModelContext{groupName=default, type=com.diploma.admisssion.model.Institutes, isReturnType=true}. java.lang.NullPointerException: Cannot invoke "com.fasterxml.jackson.databind.ObjectMapper.getSerializationConfig()" because "this.objectMapper" is null
2022-05-21 12:32:41,451 WARN springfox.documentation.schema.property.CachingModelPropertiesProvider [main] Exception calculating properties for model(com.diploma.admisssion.model.Institutes) -> ModelContext{groupName=default, type=com.diploma.admisssion.model.Institutes, isReturnType=true}. java.lang.NullPointerException: Cannot invoke "com.fasterxml.jackson.databind.ObjectMapper.getSerializationConfig()" because "this.objectMapper" is null
2022-05-21 12:32:41,459 WARN springfox.documentation.schema.property.CachingModelPropertiesProvider [main] Exception calculating properties for model(com.diploma.admisssion.model.Institutes) -> ModelContext{groupName=default, type=com.diploma.admisssion.model.Institutes, isReturnType=true}. java.lang.NullPointerException: Cannot invoke "com.fasterxml.jackson.databind.ObjectMapper.getSerializationConfig()" because "this.objectMapper" is null
2022-05-21 12:32:41,462 WARN springfox.documentation.schema.property.CachingModelPropertiesProvider [main] Exception calculating properties for model(java.util.List<com.diploma.admisssion.model.Institutes>) -> ModelContext{groupName=default, type=java.util.List<com.diploma.admisssion.model.Institutes>, isReturnType=true}. java.lang.NullPointerException: Cannot invoke "com.fasterxml.jackson.databind.ObjectMapper.getSerializationConfig()" because "this.objectMapper" is null
2022-05-21 12:32:41,465 WARN springfox.documentation.schema.property.CachingModelPropertiesProvider [main] Exception calculating properties for model(com.diploma.admisssion.model.Institutes) -> ModelContext{groupName=default, type=com.diploma.admisssion.model.Institutes, isReturnType=true}. java.lang.NullPointerException: Cannot invoke "com.fasterxml.jackson.databind.ObjectMapper.getSerializationConfig()" because "this.objectMapper" is null
2022-05-21 12:32:41,471 INFO springfox.documentation.spring.web.readers.operation.CachingOperationNameGenerator [main] Generating unique operation named: getAllUsingGET_1
2022-05-21 12:32:41,482 WARN springfox.documentation.schema.property.CachingModelPropertiesProvider [main] Exception calculating properties for model(com.diploma.admisssion.model.UserRatings) -> ModelContext{groupName=default, type=com.diploma.admisssion.model.UserRatings, isReturnType=true}. java.lang.NullPointerException: Cannot invoke "com.fasterxml.jackson.databind.ObjectMapper.getSerializationConfig()" because "this.objectMapper" is null
2022-05-21 12:32:41,484 WARN springfox.documentation.schema.property.CachingModelPropertiesProvider [main] Exception calculating properties for model(java.util.List<com.diploma.admisssion.model.UserRatings>) -> ModelContext{groupName=default, type=java.util.List<com.diploma.admisssion.model.UserRatings>, isReturnType=true}. java.lang.NullPointerException: Cannot invoke "com.fasterxml.jackson.databind.ObjectMapper.getSerializationConfig()" because "this.objectMapper" is null
2022-05-21 12:32:41,486 WARN springfox.documentation.schema.property.CachingModelPropertiesProvider [main] Exception calculating properties for model(com.diploma.admisssion.model.UserRatings) -> ModelContext{groupName=default, type=com.diploma.admisssion.model.UserRatings, isReturnType=true}. java.lang.NullPointerException: Cannot invoke "com.fasterxml.jackson.databind.ObjectMapper.getSerializationConfig()" because "this.objectMapper" is null
2022-05-21 12:32:41,495 WARN springfox.documentation.schema.property.CachingModelPropertiesProvider [main] Exception calculating properties for model(com.diploma.admisssion.model.UserRatings) -> ModelContext{groupName=default, type=com.diploma.admisssion.model.UserRatings, isReturnType=false}. java.lang.NullPointerException: Cannot invoke "com.fasterxml.jackson.databind.ObjectMapper.getDeserializationConfig()" because "this.objectMapper" is null
2022-05-21 12:32:41,498 WARN springfox.documentation.schema.property.CachingModelPropertiesProvider [main] Exception calculating properties for model(com.diploma.admisssion.model.UserRatings) -> ModelContext{groupName=default, type=com.diploma.admisssion.model.UserRatings, isReturnType=false}. java.lang.NullPointerException: Cannot invoke "com.fasterxml.jackson.databind.ObjectMapper.getDeserializationConfig()" because "this.objectMapper" is null
2022-05-21 12:32:41,500 WARN springfox.documentation.schema.property.CachingModelPropertiesProvider [main] Exception calculating properties for model(com.diploma.admisssion.model.UserRatings) -> ModelContext{groupName=default, type=com.diploma.admisssion.model.UserRatings, isReturnType=true}. java.lang.NullPointerException: Cannot invoke "com.fasterxml.jackson.databind.ObjectMapper.getSerializationConfig()" because "this.objectMapper" is null
2022-05-21 12:32:41,503 WARN springfox.documentation.schema.property.CachingModelPropertiesProvider [main] Exception calculating properties for model(com.diploma.admisssion.model.UserRatings) -> ModelContext{groupName=default, type=com.diploma.admisssion.model.UserRatings, isReturnType=true}. java.lang.NullPointerException: Cannot invoke "com.fasterxml.jackson.databind.ObjectMapper.getSerializationConfig()" because "this.objectMapper" is null
2022-05-21 12:32:41,509 WARN springfox.documentation.schema.property.CachingModelPropertiesProvider [main] Exception calculating properties for model(com.diploma.admisssion.model.Institutes) -> ModelContext{groupName=default, type=com.diploma.admisssion.model.Institutes, isReturnType=true}. java.lang.NullPointerException: Cannot invoke "com.fasterxml.jackson.databind.ObjectMapper.getSerializationConfig()" because "this.objectMapper" is null
2022-05-21 12:32:41,519 WARN springfox.documentation.schema.property.CachingModelPropertiesProvider [main] Exception calculating properties for model(com.diploma.admisssion.model.User) -> ModelContext{groupName=default, type=com.diploma.admisssion.model.User, isReturnType=true}. java.lang.NullPointerException: Cannot invoke "com.fasterxml.jackson.databind.ObjectMapper.getSerializationConfig()" because "this.objectMapper" is null
2022-05-21 12:32:41,521 WARN springfox.documentation.schema.property.CachingModelPropertiesProvider [main] Exception calculating properties for model(com.diploma.admisssion.model.User) -> ModelContext{groupName=default, type=com.diploma.admisssion.model.User, isReturnType=true}. java.lang.NullPointerException: Cannot invoke "com.fasterxml.jackson.databind.ObjectMapper.getSerializationConfig()" because "this.objectMapper" is null
2022-05-21 12:32:41,523 WARN springfox.documentation.schema.property.CachingModelPropertiesProvider [main] Exception calculating properties for model(com.diploma.admisssion.model.User) -> ModelContext{groupName=default, type=com.diploma.admisssion.model.User, isReturnType=false}. java.lang.NullPointerException: Cannot invoke "com.fasterxml.jackson.databind.ObjectMapper.getDeserializationConfig()" because "this.objectMapper" is null
2022-05-21 12:32:41,524 WARN springfox.documentation.schema.property.CachingModelPropertiesProvider [main] Exception calculating properties for model(com.diploma.admisssion.model.User) -> ModelContext{groupName=default, type=com.diploma.admisssion.model.User, isReturnType=false}. java.lang.NullPointerException: Cannot invoke "com.fasterxml.jackson.databind.ObjectMapper.getDeserializationConfig()" because "this.objectMapper" is null
2022-05-21 12:32:41,531 INFO springfox.documentation.spring.web.readers.operation.CachingOperationNameGenerator [main] Generating unique operation named: addUsingPOST_2
2022-05-21 12:32:41,533 WARN springfox.documentation.schema.property.CachingModelPropertiesProvider [main] Exception calculating properties for model(com.diploma.admisssion.model.User) -> ModelContext{groupName=default, type=com.diploma.admisssion.model.User, isReturnType=true}. java.lang.NullPointerException: Cannot invoke "com.fasterxml.jackson.databind.ObjectMapper.getSerializationConfig()" because "this.objectMapper" is null
2022-05-21 12:32:41,534 WARN springfox.documentation.schema.property.CachingModelPropertiesProvider [main] Exception calculating properties for model(java.util.List<com.diploma.admisssion.model.User>) -> ModelContext{groupName=default, type=java.util.List<com.diploma.admisssion.model.User>, isReturnType=true}. java.lang.NullPointerException: Cannot invoke "com.fasterxml.jackson.databind.ObjectMapper.getSerializationConfig()" because "this.objectMapper" is null
2022-05-21 12:32:41,536 WARN springfox.documentation.schema.property.CachingModelPropertiesProvider [main] Exception calculating properties for model(com.diploma.admisssion.model.User) -> ModelContext{groupName=default, type=com.diploma.admisssion.model.User, isReturnType=true}. java.lang.NullPointerException: Cannot invoke "com.fasterxml.jackson.databind.ObjectMapper.getSerializationConfig()" because "this.objectMapper" is null
2022-05-21 12:32:41,575 INFO org.springframework.boot.StartupInfoLogger [main] Started AdmisssionApplication in 5.848 seconds (JVM running for 6.305)
2022-05-21 12:33:02,098 INFO org.apache.juli.logging.DirectJDKLog [http-nio-8080-exec-1] Initializing Spring DispatcherServlet 'dispatcherServlet'
2022-05-21 12:33:02,101 INFO org.springframework.web.servlet.FrameworkServlet [http-nio-8080-exec-1] Initializing Servlet 'dispatcherServlet'
2022-05-21 12:33:02,160 INFO springfox.documentation.spring.web.PropertySourcedRequestMappingHandlerMapping [http-nio-8080-exec-1] Mapped URL path [/v2/api-docs] onto method [springfox.documentation.swagger2.web.Swagger2Controller#getDocumentation(String, HttpServletRequest)]
2022-05-21 12:33:02,539 INFO org.springframework.web.servlet.FrameworkServlet [http-nio-8080-exec-1] Completed initialization in 437 ms
2022-05-21 12:33:03,097 INFO com.diploma.admisssion.controller.UserContoller [http-nio-8080-exec-1] Logged in with: parthbatra55@gmail.com
2022-05-21 15:59:54,789 INFO org.springframework.boot.StartupInfoLogger [main] Starting AdmisssionApplication using Java 17.0.2 on DESKTOP-QH95P3G with PID 15900 (E:\inturnship\16 april\code\springapp\target\classes started by Parth in E:\inturnship\16 april\code)
2022-05-21 15:59:54,799 DEBUG org.springframework.boot.StartupInfoLogger [main] Running with Spring Boot v2.6.4, Spring v5.3.16
2022-05-21 15:59:54,801 INFO org.springframework.boot.SpringApplication [main] No active profile set, falling back to 1 default profile: "default"
2022-05-21 15:59:56,879 INFO org.springframework.data.repository.config.RepositoryConfigurationDelegate [main] Bootstrapping Spring Data JPA repositories in DEFAULT mode.
2022-05-21 15:59:57,051 INFO org.springframework.data.repository.config.RepositoryConfigurationDelegate [main] Finished Spring Data repository scanning in 147 ms. Found 6 JPA repository interfaces.
2022-05-21 15:59:59,013 INFO org.springframework.boot.web.embedded.tomcat.TomcatWebServer [main] Tomcat initialized with port(s): 8080 (http)
2022-05-21 15:59:59,038 INFO org.apache.juli.logging.DirectJDKLog [main] Initializing ProtocolHandler ["http-nio-8080"]
2022-05-21 15:59:59,040 INFO org.apache.juli.logging.DirectJDKLog [main] Starting service [Tomcat]
2022-05-21 15:59:59,042 INFO org.apache.juli.logging.DirectJDKLog [main] Starting Servlet engine: [Apache Tomcat/9.0.58]
2022-05-21 15:59:59,257 INFO org.apache.juli.logging.DirectJDKLog [main] Initializing Spring embedded WebApplicationContext
2022-05-21 15:59:59,259 INFO org.springframework.boot.web.servlet.context.ServletWebServerApplicationContext [main] Root WebApplicationContext: initialization completed in 4316 ms
2022-05-21 15:59:59,729 INFO org.hibernate.jpa.internal.util.LogHelper [main] HHH000204: Processing PersistenceUnitInfo [name: default]
2022-05-21 15:59:59,898 INFO org.hibernate.Version [main] HHH000412: Hibernate ORM core version 5.6.5.Final
2022-05-21 16:00:00,346 INFO org.hibernate.annotations.common.reflection.java.JavaReflectionManager [main] HCANN000001: Hibernate Commons Annotations {5.1.2.Final}
2022-05-21 16:00:00,604 INFO com.zaxxer.hikari.HikariDataSource [main] HikariPool-1 - Starting...
2022-05-21 16:00:00,958 INFO com.zaxxer.hikari.HikariDataSource [main] HikariPool-1 - Start completed.
2022-05-21 16:00:00,997 INFO org.hibernate.dialect.Dialect [main] HHH000400: Using dialect: org.hibernate.dialect.MySQL5Dialect
2022-05-21 16:00:02,374 INFO org.hibernate.engine.transaction.jta.platform.internal.JtaPlatformInitiator [main] HHH000490: Using JtaPlatform implementation: [org.hibernate.engine.transaction.jta.platform.internal.NoJtaPlatform]
2022-05-21 16:00:02,389 INFO org.springframework.orm.jpa.AbstractEntityManagerFactoryBean [main] Initialized JPA EntityManagerFactory for persistence unit 'default'
2022-05-21 16:00:03,831 WARN org.springframework.boot.autoconfigure.orm.jpa.JpaBaseConfiguration$JpaWebConfiguration [main] spring.jpa.open-in-view is enabled by default. Therefore, database queries may be performed during view rendering. Explicitly configure spring.jpa.open-in-view to disable this warning
2022-05-21 16:00:04,215 INFO org.apache.juli.logging.DirectJDKLog [main] Starting ProtocolHandler ["http-nio-8080"]
2022-05-21 16:00:04,378 INFO org.springframework.boot.web.embedded.tomcat.TomcatWebServer [main] Tomcat started on port(s): 8080 (http) with context path ''
2022-05-21 16:00:04,386 INFO springfox.documentation.spring.web.plugins.DocumentationPluginsBootstrapper [main] Context refreshed
2022-05-21 16:00:04,507 INFO springfox.documentation.spring.web.plugins.DocumentationPluginsBootstrapper [main] Found 1 custom documentation plugin(s)
2022-05-21 16:00:04,594 INFO springfox.documentation.spring.web.scanners.ApiListingReferenceScanner [main] Scanning for api listing references
2022-05-21 16:00:04,715 WARN springfox.documentation.schema.property.CachingModelPropertiesProvider [main] Exception calculating properties for model(com.diploma.admisssion.model.Admissions) -> ModelContext{groupName=default, type=com.diploma.admisssion.model.Admissions, isReturnType=true}. java.lang.NullPointerException: Cannot invoke "com.fasterxml.jackson.databind.ObjectMapper.getSerializationConfig()" because "this.objectMapper" is null
2022-05-21 16:00:04,732 WARN springfox.documentation.schema.property.CachingModelPropertiesProvider [main] Exception calculating properties for model(com.diploma.admisssion.model.Admissions) -> ModelContext{groupName=default, type=com.diploma.admisssion.model.Admissions, isReturnType=true}. java.lang.NullPointerException: Cannot invoke "com.fasterxml.jackson.databind.ObjectMapper.getSerializationConfig()" because "this.objectMapper" is null
2022-05-21 16:00:04,738 WARN springfox.documentation.schema.property.CachingModelPropertiesProvider [main] Exception calculating properties for model(com.diploma.admisssion.model.Admissions) -> ModelContext{groupName=default, type=com.diploma.admisssion.model.Admissions, isReturnType=false}. java.lang.NullPointerException: Cannot invoke "com.fasterxml.jackson.databind.ObjectMapper.getDeserializationConfig()" because "this.objectMapper" is null
2022-05-21 16:00:04,745 WARN springfox.documentation.schema.property.CachingModelPropertiesProvider [main] Exception calculating properties for model(com.diploma.admisssion.model.Admissions) -> ModelContext{groupName=default, type=com.diploma.admisssion.model.Admissions, isReturnType=false}. java.lang.NullPointerException: Cannot invoke "com.fasterxml.jackson.databind.ObjectMapper.getDeserializationConfig()" because "this.objectMapper" is null
2022-05-21 16:00:05,024 WARN springfox.documentation.schema.property.CachingModelPropertiesProvider [main] Exception calculating properties for model(com.diploma.admisssion.model.Courses) -> ModelContext{groupName=default, type=com.diploma.admisssion.model.Courses, isReturnType=false}. java.lang.NullPointerException: Cannot invoke "com.fasterxml.jackson.databind.ObjectMapper.getDeserializationConfig()" because "this.objectMapper" is null
2022-05-21 16:00:05,029 WARN springfox.documentation.schema.property.CachingModelPropertiesProvider [main] Exception calculating properties for model(com.diploma.admisssion.model.Courses) -> ModelContext{groupName=default, type=com.diploma.admisssion.model.Courses, isReturnType=false}. java.lang.NullPointerException: Cannot invoke "com.fasterxml.jackson.databind.ObjectMapper.getDeserializationConfig()" because "this.objectMapper" is null
2022-05-21 16:00:05,087 INFO springfox.documentation.spring.web.readers.operation.CachingOperationNameGenerator [main] Generating unique operation named: deleteCourseUsingDELETE_1
2022-05-21 16:00:05,093 WARN springfox.documentation.schema.property.CachingModelPropertiesProvider [main] Exception calculating properties for model(org.springframework.core.io.Resource) -> ModelContext{groupName=default, type=org.springframework.core.io.Resource, isReturnType=true}. java.lang.NullPointerException: Cannot invoke "com.fasterxml.jackson.databind.ObjectMapper.getSerializationConfig()" because "this.objectMapper" is null
2022-05-21 16:00:05,097 WARN springfox.documentation.schema.property.CachingModelPropertiesProvider [main] Exception calculating properties for model(org.springframework.core.io.Resource) -> ModelContext{groupName=default, type=org.springframework.core.io.Resource, isReturnType=true}. java.lang.NullPointerException: Cannot invoke "com.fasterxml.jackson.databind.ObjectMapper.getSerializationConfig()" because "this.objectMapper" is null
2022-05-21 16:00:05,114 WARN springfox.documentation.schema.property.CachingModelPropertiesProvider [main] Exception calculating properties for model(com.diploma.admisssion.model.Courses) -> ModelContext{groupName=default, type=com.diploma.admisssion.model.Courses, isReturnType=true}. java.lang.NullPointerException: Cannot invoke "com.fasterxml.jackson.databind.ObjectMapper.getSerializationConfig()" because "this.objectMapper" is null
2022-05-21 16:00:05,120 WARN springfox.documentation.schema.property.CachingModelPropertiesProvider [main] Exception calculating properties for model(com.diploma.admisssion.model.Courses) -> ModelContext{groupName=default, type=com.diploma.admisssion.model.Courses, isReturnType=true}. java.lang.NullPointerException: Cannot invoke "com.fasterxml.jackson.databind.ObjectMapper.getSerializationConfig()" because "this.objectMapper" is null
2022-05-21 16:00:05,134 WARN springfox.documentation.schema.property.CachingModelPropertiesProvider [main] Exception calculating properties for model(com.diploma.admisssion.model.CourseRegistration) -> ModelContext{groupName=default, type=com.diploma.admisssion.model.CourseRegistration, isReturnType=false}. java.lang.NullPointerException: Cannot invoke "com.fasterxml.jackson.databind.ObjectMapper.getDeserializationConfig()" because "this.objectMapper" is null
2022-05-21 16:00:05,138 WARN springfox.documentation.schema.property.CachingModelPropertiesProvider [main] Exception calculating properties for model(com.diploma.admisssion.model.CourseRegistration) -> ModelContext{groupName=default, type=com.diploma.admisssion.model.CourseRegistration, isReturnType=false}. java.lang.NullPointerException: Cannot invoke "com.fasterxml.jackson.databind.ObjectMapper.getDeserializationConfig()" because "this.objectMapper" is null
2022-05-21 16:00:05,141 WARN springfox.documentation.schema.property.CachingModelPropertiesProvider [main] Exception calculating properties for model(com.diploma.admisssion.model.CourseRegistration) -> ModelContext{groupName=default, type=com.diploma.admisssion.model.CourseRegistration, isReturnType=true}. java.lang.NullPointerException: Cannot invoke "com.fasterxml.jackson.databind.ObjectMapper.getSerializationConfig()" because "this.objectMapper" is null
2022-05-21 16:00:05,145 WARN springfox.documentation.schema.property.CachingModelPropertiesProvider [main] Exception calculating properties for model(com.diploma.admisssion.model.CourseRegistration) -> ModelContext{groupName=default, type=com.diploma.admisssion.model.CourseRegistration, isReturnType=true}. java.lang.NullPointerException: Cannot invoke "com.fasterxml.jackson.databind.ObjectMapper.getSerializationConfig()" because "this.objectMapper" is null
2022-05-21 16:00:05,173 WARN springfox.documentation.schema.property.CachingModelPropertiesProvider [main] Exception calculating properties for model(com.diploma.admisssion.model.Courses) -> ModelContext{groupName=default, type=com.diploma.admisssion.model.Courses, isReturnType=true}. java.lang.NullPointerException: Cannot invoke "com.fasterxml.jackson.databind.ObjectMapper.getSerializationConfig()" because "this.objectMapper" is null
2022-05-21 16:00:05,183 WARN springfox.documentation.schema.property.CachingModelPropertiesProvider [main] Exception calculating properties for model(java.util.List<com.diploma.admisssion.model.Courses>) -> ModelContext{groupName=default, type=java.util.List<com.diploma.admisssion.model.Courses>, isReturnType=true}. java.lang.NullPointerException: Cannot invoke "com.fasterxml.jackson.databind.ObjectMapper.getSerializationConfig()" because "this.objectMapper" is null
2022-05-21 16:00:05,187 WARN springfox.documentation.schema.property.CachingModelPropertiesProvider [main] Exception calculating properties for model(com.diploma.admisssion.model.Courses) -> ModelContext{groupName=default, type=com.diploma.admisssion.model.Courses, isReturnType=true}. java.lang.NullPointerException: Cannot invoke "com.fasterxml.jackson.databind.ObjectMapper.getSerializationConfig()" because "this.objectMapper" is null
2022-05-21 16:00:05,209 WARN springfox.documentation.schema.property.CachingModelPropertiesProvider [main] Exception calculating properties for model(com.diploma.admisssion.model.Courses) -> ModelContext{groupName=default, type=com.diploma.admisssion.model.Courses, isReturnType=true}. java.lang.NullPointerException: Cannot invoke "com.fasterxml.jackson.databind.ObjectMapper.getSerializationConfig()" because "this.objectMapper" is null
2022-05-21 16:00:05,224 WARN springfox.documentation.schema.property.CachingModelPropertiesProvider [main] Exception calculating properties for model(com.diploma.admisssion.model.CourseRegistration) -> ModelContext{groupName=default, type=com.diploma.admisssion.model.CourseRegistration, isReturnType=true}. java.lang.NullPointerException: Cannot invoke "com.fasterxml.jackson.databind.ObjectMapper.getSerializationConfig()" because "this.objectMapper" is null
2022-05-21 16:00:05,226 WARN springfox.documentation.schema.property.CachingModelPropertiesProvider [main] Exception calculating properties for model(java.util.List<com.diploma.admisssion.model.CourseRegistration>) -> ModelContext{groupName=default, type=java.util.List<com.diploma.admisssion.model.CourseRegistration>, isReturnType=true}. java.lang.NullPointerException: Cannot invoke "com.fasterxml.jackson.databind.ObjectMapper.getSerializationConfig()" because "this.objectMapper" is null
2022-05-21 16:00:05,232 WARN springfox.documentation.schema.property.CachingModelPropertiesProvider [main] Exception calculating properties for model(com.diploma.admisssion.model.CourseRegistration) -> ModelContext{groupName=default, type=com.diploma.admisssion.model.CourseRegistration, isReturnType=true}. java.lang.NullPointerException: Cannot invoke "com.fasterxml.jackson.databind.ObjectMapper.getSerializationConfig()" because "this.objectMapper" is null
2022-05-21 16:00:05,265 WARN springfox.documentation.schema.property.CachingModelPropertiesProvider [main] Exception calculating properties for model(com.diploma.admisssion.model.CourseRegistration) -> ModelContext{groupName=default, type=com.diploma.admisssion.model.CourseRegistration, isReturnType=true}. java.lang.NullPointerException: Cannot invoke "com.fasterxml.jackson.databind.ObjectMapper.getSerializationConfig()" because "this.objectMapper" is null
2022-05-21 16:00:05,366 WARN springfox.documentation.schema.property.CachingModelPropertiesProvider [main] Exception calculating properties for model(com.diploma.admisssion.model.Institutes) -> ModelContext{groupName=default, type=com.diploma.admisssion.model.Institutes, isReturnType=false}. java.lang.NullPointerException: Cannot invoke "com.fasterxml.jackson.databind.ObjectMapper.getDeserializationConfig()" because "this.objectMapper" is null
2022-05-21 16:00:05,370 WARN springfox.documentation.schema.property.CachingModelPropertiesProvider [main] Exception calculating properties for model(com.diploma.admisssion.model.Institutes) -> ModelContext{groupName=default, type=com.diploma.admisssion.model.Institutes, isReturnType=false}. java.lang.NullPointerException: Cannot invoke "com.fasterxml.jackson.databind.ObjectMapper.getDeserializationConfig()" because "this.objectMapper" is null
2022-05-21 16:00:05,378 INFO springfox.documentation.spring.web.readers.operation.CachingOperationNameGenerator [main] Generating unique operation named: addUsingPOST_1
2022-05-21 16:00:05,414 WARN springfox.documentation.schema.property.CachingModelPropertiesProvider [main] Exception calculating properties for model(com.diploma.admisssion.model.Institutes) -> ModelContext{groupName=default, type=com.diploma.admisssion.model.Institutes, isReturnType=true}. java.lang.NullPointerException: Cannot invoke "com.fasterxml.jackson.databind.ObjectMapper.getSerializationConfig()" because "this.objectMapper" is null
2022-05-21 16:00:05,420 WARN springfox.documentation.schema.property.CachingModelPropertiesProvider [main] Exception calculating properties for model(com.diploma.admisssion.model.Institutes) -> ModelContext{groupName=default, type=com.diploma.admisssion.model.Institutes, isReturnType=true}. java.lang.NullPointerException: Cannot invoke "com.fasterxml.jackson.databind.ObjectMapper.getSerializationConfig()" because "this.objectMapper" is null
2022-05-21 16:00:05,432 WARN springfox.documentation.schema.property.CachingModelPropertiesProvider [main] Exception calculating properties for model(com.diploma.admisssion.model.Institutes) -> ModelContext{groupName=default, type=com.diploma.admisssion.model.Institutes, isReturnType=true}. java.lang.NullPointerException: Cannot invoke "com.fasterxml.jackson.databind.ObjectMapper.getSerializationConfig()" because "this.objectMapper" is null
2022-05-21 16:00:05,435 WARN springfox.documentation.schema.property.CachingModelPropertiesProvider [main] Exception calculating properties for model(java.util.List<com.diploma.admisssion.model.Institutes>) -> ModelContext{groupName=default, type=java.util.List<com.diploma.admisssion.model.Institutes>, isReturnType=true}. java.lang.NullPointerException: Cannot invoke "com.fasterxml.jackson.databind.ObjectMapper.getSerializationConfig()" because "this.objectMapper" is null
2022-05-21 16:00:05,438 WARN springfox.documentation.schema.property.CachingModelPropertiesProvider [main] Exception calculating properties for model(com.diploma.admisssion.model.Institutes) -> ModelContext{groupName=default, type=com.diploma.admisssion.model.Institutes, isReturnType=true}. java.lang.NullPointerException: Cannot invoke "com.fasterxml.jackson.databind.ObjectMapper.getSerializationConfig()" because "this.objectMapper" is null
2022-05-21 16:00:05,443 INFO springfox.documentation.spring.web.readers.operation.CachingOperationNameGenerator [main] Generating unique operation named: getAllUsingGET_1
2022-05-21 16:00:05,458 WARN springfox.documentation.schema.property.CachingModelPropertiesProvider [main] Exception calculating properties for model(com.diploma.admisssion.model.UserRatings) -> ModelContext{groupName=default, type=com.diploma.admisssion.model.UserRatings, isReturnType=true}. java.lang.NullPointerException: Cannot invoke "com.fasterxml.jackson.databind.ObjectMapper.getSerializationConfig()" because "this.objectMapper" is null
2022-05-21 16:00:05,477 WARN springfox.documentation.schema.property.CachingModelPropertiesProvider [main] Exception calculating properties for model(java.util.List<com.diploma.admisssion.model.UserRatings>) -> ModelContext{groupName=default, type=java.util.List<com.diploma.admisssion.model.UserRatings>, isReturnType=true}. java.lang.NullPointerException: Cannot invoke "com.fasterxml.jackson.databind.ObjectMapper.getSerializationConfig()" because "this.objectMapper" is null
2022-05-21 16:00:05,507 WARN springfox.documentation.schema.property.CachingModelPropertiesProvider [main] Exception calculating properties for model(com.diploma.admisssion.model.UserRatings) -> ModelContext{groupName=default, type=com.diploma.admisssion.model.UserRatings, isReturnType=true}. java.lang.NullPointerException: Cannot invoke "com.fasterxml.jackson.databind.ObjectMapper.getSerializationConfig()" because "this.objectMapper" is null
2022-05-21 16:00:05,518 WARN springfox.documentation.schema.property.CachingModelPropertiesProvider [main] Exception calculating properties for model(com.diploma.admisssion.model.UserRatings) -> ModelContext{groupName=default, type=com.diploma.admisssion.model.UserRatings, isReturnType=false}. java.lang.NullPointerException: Cannot invoke "com.fasterxml.jackson.databind.ObjectMapper.getDeserializationConfig()" because "this.objectMapper" is null
2022-05-21 16:00:05,523 WARN springfox.documentation.schema.property.CachingModelPropertiesProvider [main] Exception calculating properties for model(com.diploma.admisssion.model.UserRatings) -> ModelContext{groupName=default, type=com.diploma.admisssion.model.UserRatings, isReturnType=false}. java.lang.NullPointerException: Cannot invoke "com.fasterxml.jackson.databind.ObjectMapper.getDeserializationConfig()" because "this.objectMapper" is null
2022-05-21 16:00:05,527 WARN springfox.documentation.schema.property.CachingModelPropertiesProvider [main] Exception calculating properties for model(com.diploma.admisssion.model.UserRatings) -> ModelContext{groupName=default, type=com.diploma.admisssion.model.UserRatings, isReturnType=true}. java.lang.NullPointerException: Cannot invoke "com.fasterxml.jackson.databind.ObjectMapper.getSerializationConfig()" because "this.objectMapper" is null
2022-05-21 16:00:05,532 WARN springfox.documentation.schema.property.CachingModelPropertiesProvider [main] Exception calculating properties for model(com.diploma.admisssion.model.UserRatings) -> ModelContext{groupName=default, type=com.diploma.admisssion.model.UserRatings, isReturnType=true}. java.lang.NullPointerException: Cannot invoke "com.fasterxml.jackson.databind.ObjectMapper.getSerializationConfig()" because "this.objectMapper" is null
2022-05-21 16:00:05,546 WARN springfox.documentation.schema.property.CachingModelPropertiesProvider [main] Exception calculating properties for model(com.diploma.admisssion.model.Institutes) -> ModelContext{groupName=default, type=com.diploma.admisssion.model.Institutes, isReturnType=true}. java.lang.NullPointerException: Cannot invoke "com.fasterxml.jackson.databind.ObjectMapper.getSerializationConfig()" because "this.objectMapper" is null
2022-05-21 16:00:05,579 WARN springfox.documentation.schema.property.CachingModelPropertiesProvider [main] Exception calculating properties for model(com.diploma.admisssion.model.User) -> ModelContext{groupName=default, type=com.diploma.admisssion.model.User, isReturnType=true}. java.lang.NullPointerException: Cannot invoke "com.fasterxml.jackson.databind.ObjectMapper.getSerializationConfig()" because "this.objectMapper" is null
2022-05-21 16:00:05,588 WARN springfox.documentation.schema.property.CachingModelPropertiesProvider [main] Exception calculating properties for model(com.diploma.admisssion.model.User) -> ModelContext{groupName=default, type=com.diploma.admisssion.model.User, isReturnType=true}. java.lang.NullPointerException: Cannot invoke "com.fasterxml.jackson.databind.ObjectMapper.getSerializationConfig()" because "this.objectMapper" is null
2022-05-21 16:00:05,606 WARN springfox.documentation.schema.property.CachingModelPropertiesProvider [main] Exception calculating properties for model(com.diploma.admisssion.model.User) -> ModelContext{groupName=default, type=com.diploma.admisssion.model.User, isReturnType=false}. java.lang.NullPointerException: Cannot invoke "com.fasterxml.jackson.databind.ObjectMapper.getDeserializationConfig()" because "this.objectMapper" is null
2022-05-21 16:00:05,613 WARN springfox.documentation.schema.property.CachingModelPropertiesProvider [main] Exception calculating properties for model(com.diploma.admisssion.model.User) -> ModelContext{groupName=default, type=com.diploma.admisssion.model.User, isReturnType=false}. java.lang.NullPointerException: Cannot invoke "com.fasterxml.jackson.databind.ObjectMapper.getDeserializationConfig()" because "this.objectMapper" is null
2022-05-21 16:00:05,641 INFO springfox.documentation.spring.web.readers.operation.CachingOperationNameGenerator [main] Generating unique operation named: addUsingPOST_2
2022-05-21 16:00:05,645 WARN springfox.documentation.schema.property.CachingModelPropertiesProvider [main] Exception calculating properties for model(com.diploma.admisssion.model.User) -> ModelContext{groupName=default, type=com.diploma.admisssion.model.User, isReturnType=true}. java.lang.NullPointerException: Cannot invoke "com.fasterxml.jackson.databind.ObjectMapper.getSerializationConfig()" because "this.objectMapper" is null
2022-05-21 16:00:05,648 WARN springfox.documentation.schema.property.CachingModelPropertiesProvider [main] Exception calculating properties for model(java.util.List<com.diploma.admisssion.model.User>) -> ModelContext{groupName=default, type=java.util.List<com.diploma.admisssion.model.User>, isReturnType=true}. java.lang.NullPointerException: Cannot invoke "com.fasterxml.jackson.databind.ObjectMapper.getSerializationConfig()" because "this.objectMapper" is null
2022-05-21 16:00:05,657 WARN springfox.documentation.schema.property.CachingModelPropertiesProvider [main] Exception calculating properties for model(com.diploma.admisssion.model.User) -> ModelContext{groupName=default, type=com.diploma.admisssion.model.User, isReturnType=true}. java.lang.NullPointerException: Cannot invoke "com.fasterxml.jackson.databind.ObjectMapper.getSerializationConfig()" because "this.objectMapper" is null
2022-05-21 16:00:05,726 INFO org.springframework.boot.StartupInfoLogger [main] Started AdmisssionApplication in 12.276 seconds (JVM running for 13.156)
2022-05-21 16:00:38,560 INFO org.apache.juli.logging.DirectJDKLog [http-nio-8080-exec-1] Initializing Spring DispatcherServlet 'dispatcherServlet'
2022-05-21 16:00:38,561 INFO org.springframework.web.servlet.FrameworkServlet [http-nio-8080-exec-1] Initializing Servlet 'dispatcherServlet'
2022-05-21 16:00:38,619 INFO springfox.documentation.spring.web.PropertySourcedRequestMappingHandlerMapping [http-nio-8080-exec-1] Mapped URL path [/v2/api-docs] onto method [springfox.documentation.swagger2.web.Swagger2Controller#getDocumentation(String, HttpServletRequest)]
2022-05-21 16:00:38,929 INFO org.springframework.web.servlet.FrameworkServlet [http-nio-8080-exec-1] Completed initialization in 366 ms
2022-05-21 16:00:39,486 INFO com.diploma.admisssion.controller.UserContoller [http-nio-8080-exec-2] Logged in with: hitesh@gmail.com
2022-05-21 16:01:34,009 INFO com.diploma.admisssion.controller.UserContoller [http-nio-8080-exec-6] Logged in with: parthbatra55@gmail.com
